# JRE version: OpenJDK Runtime Environment Homebrew (11.0.25) (build 11.0.25+0)
# Java VM: OpenJDK 64-Bit Server VM Homebrew (11.0.25+0, mixed mode, tiered, compressed oops, g1 gc, bsd-aarch64)
Heap:
 garbage-first heap   total 262144K, used 69632K [0x0000000780000000, 0x00000007c0000000)
  region size 1024K, 27 young (27648K), 16 survivors (16384K)
 Metaspace       used 117893K, capacity 123656K, committed 123920K, reserved 1153024K
  class space    used 17122K, capacity 20064K, committed 20096K, reserved 1048576K
GC Heap History (20 events):
Event: 0.411 GC heap before
{Heap before GC invocations=1 (full 0):
 garbage-first heap   total 262144K, used 42091K [0x0000000780000000, 0x00000007c0000000)
  region size 1024K, 23 young (23552K), 3 survivors (3072K)
 Metaspace       used 11729K, capacity 11933K, committed 12032K, reserved 1060864K
  class space    used 1122K, capacity 1207K, committed 1280K, reserved 1048576K
}
Event: 0.412 GC heap after
{Heap after GC invocations=2 (full 0):
 garbage-first heap   total 262144K, used 23376K [0x0000000780000000, 0x00000007c0000000)
  region size 1024K, 2 young (2048K), 2 survivors (2048K)
 Metaspace       used 11729K, capacity 11933K, committed 12032K, reserved 1060864K
  class space    used 1122K, capacity 1207K, committed 1280K, reserved 1048576K
}
Event: 0.613 GC heap before
{Heap before GC invocations=2 (full 0):
 garbage-first heap   total 262144K, used 66384K [0x0000000780000000, 0x00000007c0000000)
  region size 1024K, 44 young (45056K), 2 survivors (2048K)
 Metaspace       used 18128K, capacity 18464K, committed 18688K, reserved 1067008K
  class space    used 1898K, capacity 2026K, committed 2048K, reserved 1048576K
}
Event: 0.614 GC heap after
{Heap after GC invocations=3 (full 0):
 garbage-first heap   total 262144K, used 25216K [0x0000000780000000, 0x00000007c0000000)
  region size 1024K, 4 young (4096K), 4 survivors (4096K)
 Metaspace       used 18128K, capacity 18464K, committed 18688K, reserved 1067008K
  class space    used 1898K, capacity 2026K, committed 2048K, reserved 1048576K
}
Event: 0.730 GC heap before
{Heap before GC invocations=3 (full 0):
 garbage-first heap   total 262144K, used 36480K [0x0000000780000000, 0x00000007c0000000)
  region size 1024K, 16 young (16384K), 4 survivors (4096K)
 Metaspace       used 20732K, capacity 21092K, committed 21248K, reserved 1069056K
  class space    used 2407K, capacity 2560K, committed 2560K, reserved 1048576K
}
Event: 0.732 GC heap after
{Heap after GC invocations=4 (full 0):
 garbage-first heap   total 262144K, used 25512K [0x0000000780000000, 0x00000007c0000000)
  region size 1024K, 5 young (5120K), 5 survivors (5120K)
 Metaspace       used 20732K, capacity 21092K, committed 21248K, reserved 1069056K
  class space    used 2407K, capacity 2560K, committed 2560K, reserved 1048576K
}
Event: 1.338 GC heap before
{Heap before GC invocations=5 (full 0):
 garbage-first heap   total 262144K, used 94120K [0x0000000780000000, 0x00000007c0000000)
  region size 1024K, 73 young (74752K), 5 survivors (5120K)
 Metaspace       used 33353K, capacity 34341K, committed 34432K, reserved 1079296K
  class space    used 4430K, capacity 4916K, committed 4992K, reserved 1048576K
}
Event: 1.341 GC heap after
{Heap after GC invocations=6 (full 0):
 garbage-first heap   total 262144K, used 27986K [0x0000000780000000, 0x00000007c0000000)
  region size 1024K, 7 young (7168K), 7 survivors (7168K)
 Metaspace       used 33353K, capacity 34341K, committed 34432K, reserved 1079296K
  class space    used 4430K, capacity 4916K, committed 4992K, reserved 1048576K
}
Event: 1.392 GC heap before
{Heap before GC invocations=6 (full 0):
 garbage-first heap   total 262144K, used 37202K [0x0000000780000000, 0x00000007c0000000)
  region size 1024K, 17 young (17408K), 7 survivors (7168K)
 Metaspace       used 34517K, capacity 35544K, committed 35584K, reserved 1079296K
  class space    used 4597K, capacity 5115K, committed 5120K, reserved 1048576K
}
Event: 1.395 GC heap after
{Heap after GC invocations=7 (full 0):
 garbage-first heap   total 262144K, used 28328K [0x0000000780000000, 0x00000007c0000000)
  region size 1024K, 7 young (7168K), 7 survivors (7168K)
 Metaspace       used 34517K, capacity 35544K, committed 35584K, reserved 1079296K
  class space    used 4597K, capacity 5115K, committed 5120K, reserved 1048576K
}
Event: 2.073 GC heap before
{Heap before GC invocations=8 (full 0):
 garbage-first heap   total 262144K, used 172712K [0x0000000780000000, 0x00000007c0000000)
  region size 1024K, 148 young (151552K), 7 survivors (7168K)
 Metaspace       used 54507K, capacity 56310K, committed 56560K, reserved 1097728K
  class space    used 7203K, capacity 8142K, committed 8192K, reserved 1048576K
}
Event: 2.079 GC heap after
{Heap after GC invocations=9 (full 0):
 garbage-first heap   total 262144K, used 34012K [0x0000000780000000, 0x00000007c0000000)
  region size 1024K, 13 young (13312K), 13 survivors (13312K)
 Metaspace       used 54507K, capacity 56310K, committed 56560K, reserved 1097728K
  class space    used 7203K, capacity 8142K, committed 8192K, reserved 1048576K
}
Event: 2.213 GC heap before
{Heap before GC invocations=9 (full 0):
 garbage-first heap   total 262144K, used 52444K [0x0000000780000000, 0x00000007c0000000)
  region size 1024K, 32 young (32768K), 13 survivors (13312K)
 Metaspace       used 57993K, capacity 59743K, committed 59888K, reserved 1099776K
  class space    used 7634K, capacity 8589K, committed 8704K, reserved 1048576K
}
Event: 2.218 GC heap after
{Heap after GC invocations=10 (full 0):
 garbage-first heap   total 262144K, used 35189K [0x0000000780000000, 0x00000007c0000000)
  region size 1024K, 10 young (10240K), 10 survivors (10240K)
 Metaspace       used 57993K, capacity 59743K, committed 59888K, reserved 1099776K
  class space    used 7634K, capacity 8589K, committed 8704K, reserved 1048576K
}
Event: 3.128 GC heap before
{Heap before GC invocations=11 (full 0):
 garbage-first heap   total 262144K, used 181621K [0x0000000780000000, 0x00000007c0000000)
  region size 1024K, 153 young (156672K), 10 survivors (10240K)
 Metaspace       used 84947K, capacity 87744K, committed 87920K, reserved 1124352K
  class space    used 11392K, capacity 12842K, committed 12928K, reserved 1048576K
}
Event: 3.134 GC heap after
{Heap after GC invocations=12 (full 0):
 garbage-first heap   total 262144K, used 41343K [0x0000000780000000, 0x00000007c0000000)
  region size 1024K, 16 young (16384K), 16 survivors (16384K)
 Metaspace       used 84947K, capacity 87744K, committed 87920K, reserved 1124352K
  class space    used 11392K, capacity 12842K, committed 12928K, reserved 1048576K
}
Event: 3.698 GC heap before
{Heap before GC invocations=12 (full 0):
 garbage-first heap   total 262144K, used 128383K [0x0000000780000000, 0x00000007c0000000)
  region size 1024K, 102 young (104448K), 16 survivors (16384K)
 Metaspace       used 96827K, capacity 100100K, committed 100240K, reserved 1134592K
  class space    used 13174K, capacity 14848K, committed 14848K, reserved 1048576K
}
Event: 3.705 GC heap after
{Heap after GC invocations=13 (full 0):
 garbage-first heap   total 262144K, used 44794K [0x0000000780000000, 0x00000007c0000000)
  region size 1024K, 12 young (12288K), 12 survivors (12288K)
 Metaspace       used 96827K, capacity 100100K, committed 100240K, reserved 1134592K
  class space    used 13174K, capacity 14848K, committed 14848K, reserved 1048576K
}
Event: 4.752 GC heap before
{Heap before GC invocations=14 (full 0):
 garbage-first heap   total 262144K, used 207610K [0x0000000780000000, 0x00000007c0000000)
  region size 1024K, 150 young (153600K), 12 survivors (12288K)
 Metaspace       used 117005K, capacity 122624K, committed 122896K, reserved 1153024K
  class space    used 16953K, capacity 19809K, committed 19840K, reserved 1048576K
}
Event: 4.756 GC heap after
{Heap after GC invocations=15 (full 0):
 garbage-first heap   total 262144K, used 54272K [0x0000000780000000, 0x00000007c0000000)
  region size 1024K, 16 young (16384K), 16 survivors (16384K)
 Metaspace       used 117005K, capacity 122624K, committed 122896K, reserved 1153024K
  class space    used 16953K, capacity 19809K, committed 19840K, reserved 1048576K
}

