# JRE version: OpenJDK Runtime Environment Homebrew (11.0.25) (build 11.0.25+0)
# Java VM: OpenJDK 64-Bit Server VM Homebrew (11.0.25+0, mixed mode, tiered, compressed oops, g1 gc, bsd-aarch64)
Heap:
 garbage-first heap   total 262144K, used 169573K [0x0000000780000000, 0x00000007c0000000)
  region size 1024K, 91 young (93184K), 14 survivors (14336K)
 Metaspace       used 119336K, capacity 125503K, committed 125728K, reserved 1155072K
  class space    used 17462K, capacity 20580K, committed 20624K, reserved 1048576K
GC Heap History (20 events):
Event: 0.424 GC heap before
{Heap before GC invocations=1 (full 0):
 garbage-first heap   total 262144K, used 41742K [0x0000000780000000, 0x00000007c0000000)
  region size 1024K, 24 young (24576K), 3 survivors (3072K)
 Metaspace       used 11794K, capacity 12021K, committed 12288K, reserved 1060864K
  class space    used 1131K, capacity 1239K, committed 1280K, reserved 1048576K
}
Event: 0.425 GC heap after
{Heap after GC invocations=2 (full 0):
 garbage-first heap   total 262144K, used 23746K [0x0000000780000000, 0x00000007c0000000)
  region size 1024K, 3 young (3072K), 3 survivors (3072K)
 Metaspace       used 11794K, capacity 12021K, committed 12288K, reserved 1060864K
  class space    used 1131K, capacity 1239K, committed 1280K, reserved 1048576K
}
Event: 0.634 GC heap before
{Heap before GC invocations=2 (full 0):
 garbage-first heap   total 262144K, used 68802K [0x0000000780000000, 0x00000007c0000000)
  region size 1024K, 47 young (48128K), 3 survivors (3072K)
 Metaspace       used 18378K, capacity 18736K, committed 19072K, reserved 1067008K
  class space    used 1935K, capacity 2095K, committed 2176K, reserved 1048576K
}
Event: 0.636 GC heap after
{Heap after GC invocations=3 (full 0):
 garbage-first heap   total 262144K, used 25498K [0x0000000780000000, 0x00000007c0000000)
  region size 1024K, 5 young (5120K), 5 survivors (5120K)
 Metaspace       used 18378K, capacity 18736K, committed 19072K, reserved 1067008K
  class space    used 1935K, capacity 2095K, committed 2176K, reserved 1048576K
}
Event: 0.757 GC heap before
{Heap before GC invocations=3 (full 0):
 garbage-first heap   total 262144K, used 34714K [0x0000000780000000, 0x00000007c0000000)
  region size 1024K, 15 young (15360K), 5 survivors (5120K)
 Metaspace       used 20817K, capacity 21219K, committed 21296K, reserved 1069056K
  class space    used 2404K, capacity 2563K, committed 2608K, reserved 1048576K
}
Event: 0.760 GC heap after
{Heap after GC invocations=4 (full 0):
 garbage-first heap   total 262144K, used 25652K [0x0000000780000000, 0x00000007c0000000)
  region size 1024K, 5 young (5120K), 5 survivors (5120K)
 Metaspace       used 20817K, capacity 21219K, committed 21296K, reserved 1069056K
  class space    used 2404K, capacity 2563K, committed 2608K, reserved 1048576K
}
Event: 1.371 GC heap before
{Heap before GC invocations=5 (full 0):
 garbage-first heap   total 262144K, used 105524K [0x0000000780000000, 0x00000007c0000000)
  region size 1024K, 85 young (87040K), 5 survivors (5120K)
 Metaspace       used 34755K, capacity 35792K, committed 35952K, reserved 1079296K
  class space    used 4634K, capacity 5179K, committed 5296K, reserved 1048576K
}
Event: 1.375 GC heap after
{Heap after GC invocations=6 (full 0):
 garbage-first heap   total 262144K, used 28649K [0x0000000780000000, 0x00000007c0000000)
  region size 1024K, 8 young (8192K), 8 survivors (8192K)
 Metaspace       used 34755K, capacity 35792K, committed 35952K, reserved 1079296K
  class space    used 4634K, capacity 5179K, committed 5296K, reserved 1048576K
}
Event: 1.918 GC heap before
{Heap before GC invocations=7 (full 0):
 garbage-first heap   total 262144K, used 155625K [0x0000000780000000, 0x00000007c0000000)
  region size 1024K, 132 young (135168K), 8 survivors (8192K)
 Metaspace       used 52657K, capacity 54378K, committed 54512K, reserved 1095680K
  class space    used 7004K, capacity 7910K, committed 7984K, reserved 1048576K
}
Event: 1.923 GC heap after
{Heap after GC invocations=8 (full 0):
 garbage-first heap   total 262144K, used 33910K [0x0000000780000000, 0x00000007c0000000)
  region size 1024K, 13 young (13312K), 13 survivors (13312K)
 Metaspace       used 52657K, capacity 54378K, committed 54512K, reserved 1095680K
  class space    used 7004K, capacity 7910K, committed 7984K, reserved 1048576K
}
Event: 2.151 GC heap before
{Heap before GC invocations=8 (full 0):
 garbage-first heap   total 262144K, used 69750K [0x0000000780000000, 0x00000007c0000000)
  region size 1024K, 49 young (50176K), 13 survivors (13312K)
 Metaspace       used 58365K, capacity 60186K, committed 60352K, reserved 1101824K
  class space    used 7679K, capacity 8654K, committed 8752K, reserved 1048576K
}
Event: 2.156 GC heap after
{Heap after GC invocations=9 (full 0):
 garbage-first heap   total 262144K, used 35801K [0x0000000780000000, 0x00000007c0000000)
  region size 1024K, 12 young (12288K), 12 survivors (12288K)
 Metaspace       used 58365K, capacity 60186K, committed 60352K, reserved 1101824K
  class space    used 7679K, capacity 8654K, committed 8752K, reserved 1048576K
}
Event: 3.000 GC heap before
{Heap before GC invocations=10 (full 0):
 garbage-first heap   total 262144K, used 180185K [0x0000000780000000, 0x00000007c0000000)
  region size 1024K, 153 young (156672K), 12 survivors (12288K)
 Metaspace       used 84803K, capacity 87548K, committed 87872K, reserved 1124352K
  class space    used 11384K, capacity 12843K, committed 12976K, reserved 1048576K
}
Event: 3.006 GC heap after
{Heap after GC invocations=11 (full 0):
 garbage-first heap   total 262144K, used 41571K [0x0000000780000000, 0x00000007c0000000)
  region size 1024K, 16 young (16384K), 16 survivors (16384K)
 Metaspace       used 84803K, capacity 87548K, committed 87872K, reserved 1124352K
  class space    used 11384K, capacity 12843K, committed 12976K, reserved 1048576K
}
Event: 3.508 GC heap before
{Heap before GC invocations=11 (full 0):
 garbage-first heap   total 262144K, used 132707K [0x0000000780000000, 0x00000007c0000000)
  region size 1024K, 106 young (108544K), 16 survivors (16384K)
 Metaspace       used 97590K, capacity 100963K, committed 101024K, reserved 1134592K
  class space    used 13357K, capacity 15088K, committed 15120K, reserved 1048576K
}
Event: 3.517 GC heap after
{Heap after GC invocations=12 (full 0):
 garbage-first heap   total 262144K, used 45271K [0x0000000780000000, 0x00000007c0000000)
  region size 1024K, 12 young (12288K), 12 survivors (12288K)
 Metaspace       used 97590K, capacity 100963K, committed 101024K, reserved 1134592K
  class space    used 13357K, capacity 15088K, committed 15120K, reserved 1048576K
}
Event: 4.699 GC heap before
{Heap before GC invocations=13 (full 0):
 garbage-first heap   total 262144K, used 216279K [0x0000000780000000, 0x00000007c0000000)
  region size 1024K, 153 young (156672K), 12 survivors (12288K)
 Metaspace       used 117347K, capacity 122938K, committed 123296K, reserved 1153024K
  class space    used 16996K, capacity 19862K, committed 19984K, reserved 1048576K
}
Event: 4.706 GC heap after
{Heap after GC invocations=14 (full 0):
 garbage-first heap   total 262144K, used 55701K [0x0000000780000000, 0x00000007c0000000)
  region size 1024K, 17 young (17408K), 17 survivors (17408K)
 Metaspace       used 117347K, capacity 122938K, committed 123296K, reserved 1153024K
  class space    used 16996K, capacity 19862K, committed 19984K, reserved 1048576K
}
Event: 4.946 GC heap before
{Heap before GC invocations=14 (full 0):
 garbage-first heap   total 262144K, used 224661K [0x0000000780000000, 0x00000007c0000000)
  region size 1024K, 153 young (156672K), 17 survivors (17408K)
 Metaspace       used 119294K, capacity 125409K, committed 125472K, reserved 1155072K
  class space    used 17455K, capacity 20569K, committed 20624K, reserved 1048576K
}
Event: 4.951 GC heap after
{Heap after GC invocations=15 (full 0):
 garbage-first heap   total 262144K, used 89701K [0x0000000780000000, 0x00000007c0000000)
  region size 1024K, 14 young (14336K), 14 survivors (14336K)
 Metaspace       used 119294K, capacity 125409K, committed 125472K, reserved 1155072K
  class space    used 17455K, capacity 20569K, committed 20624K, reserved 1048576K
}

