# JRE version: OpenJDK Runtime Environment Homebrew (11.0.25) (build 11.0.25+0)
# Java VM: OpenJDK 64-Bit Server VM Homebrew (11.0.25+0, mixed mode, tiered, compressed oops, g1 gc, bsd-aarch64)
Heap:
 garbage-first heap   total 262144K, used 74090K [0x0000000780000000, 0x00000007c0000000)
  region size 1024K, 36 young (36864K), 16 survivors (16384K)
 Metaspace       used 118043K, capacity 123907K, committed 124240K, reserved 1153024K
  class space    used 17169K, capacity 20155K, committed 20272K, reserved 1048576K
GC Heap History (20 events):
Event: 0.367 GC heap before
{Heap before GC invocations=1 (full 0):
 garbage-first heap   total 262144K, used 42306K [0x0000000780000000, 0x00000007c0000000)
  region size 1024K, 23 young (23552K), 3 survivors (3072K)
 Metaspace       used 11749K, capacity 11921K, committed 12032K, reserved 1060864K
  class space    used 1124K, capacity 1207K, committed 1280K, reserved 1048576K
}
Event: 0.368 GC heap after
{Heap after GC invocations=2 (full 0):
 garbage-first heap   total 262144K, used 23477K [0x0000000780000000, 0x00000007c0000000)
  region size 1024K, 2 young (2048K), 2 survivors (2048K)
 Metaspace       used 11749K, capacity 11921K, committed 12032K, reserved 1060864K
  class space    used 1124K, capacity 1207K, committed 1280K, reserved 1048576K
}
Event: 0.553 GC heap before
{Heap before GC invocations=2 (full 0):
 garbage-first heap   total 262144K, used 67509K [0x0000000780000000, 0x00000007c0000000)
  region size 1024K, 45 young (46080K), 2 survivors (2048K)
 Metaspace       used 18245K, capacity 18630K, committed 18816K, reserved 1067008K
  class space    used 1914K, capacity 2061K, committed 2176K, reserved 1048576K
}
Event: 0.554 GC heap after
{Heap after GC invocations=3 (full 0):
 garbage-first heap   total 262144K, used 25461K [0x0000000780000000, 0x00000007c0000000)
  region size 1024K, 4 young (4096K), 4 survivors (4096K)
 Metaspace       used 18245K, capacity 18630K, committed 18816K, reserved 1067008K
  class space    used 1914K, capacity 2061K, committed 2176K, reserved 1048576K
}
Event: 0.678 GC heap before
{Heap before GC invocations=3 (full 0):
 garbage-first heap   total 262144K, used 36725K [0x0000000780000000, 0x00000007c0000000)
  region size 1024K, 16 young (16384K), 4 survivors (4096K)
 Metaspace       used 20821K, capacity 21213K, committed 21296K, reserved 1069056K
  class space    used 2404K, capacity 2563K, committed 2608K, reserved 1048576K
}
Event: 0.680 GC heap after
{Heap after GC invocations=4 (full 0):
 garbage-first heap   total 262144K, used 25821K [0x0000000780000000, 0x00000007c0000000)
  region size 1024K, 5 young (5120K), 5 survivors (5120K)
 Metaspace       used 20821K, capacity 21213K, committed 21296K, reserved 1069056K
  class space    used 2404K, capacity 2563K, committed 2608K, reserved 1048576K
}
Event: 1.230 GC heap before
{Heap before GC invocations=5 (full 0):
 garbage-first heap   total 262144K, used 95453K [0x0000000780000000, 0x00000007c0000000)
  region size 1024K, 73 young (74752K), 5 survivors (5120K)
 Metaspace       used 33350K, capacity 34331K, committed 34672K, reserved 1079296K
  class space    used 4430K, capacity 4916K, committed 5040K, reserved 1048576K
}
Event: 1.233 GC heap after
{Heap after GC invocations=6 (full 0):
 garbage-first heap   total 262144K, used 28224K [0x0000000780000000, 0x00000007c0000000)
  region size 1024K, 7 young (7168K), 7 survivors (7168K)
 Metaspace       used 33350K, capacity 34331K, committed 34672K, reserved 1079296K
  class space    used 4430K, capacity 4916K, committed 5040K, reserved 1048576K
}
Event: 1.291 GC heap before
{Heap before GC invocations=6 (full 0):
 garbage-first heap   total 262144K, used 39488K [0x0000000780000000, 0x00000007c0000000)
  region size 1024K, 19 young (19456K), 7 survivors (7168K)
 Metaspace       used 34821K, capacity 35887K, committed 36032K, reserved 1081344K
  class space    used 4635K, capacity 5147K, committed 5168K, reserved 1048576K
}
Event: 1.294 GC heap after
{Heap after GC invocations=7 (full 0):
 garbage-first heap   total 262144K, used 28575K [0x0000000780000000, 0x00000007c0000000)
  region size 1024K, 7 young (7168K), 7 survivors (7168K)
 Metaspace       used 34821K, capacity 35887K, committed 36032K, reserved 1081344K
  class space    used 4635K, capacity 5147K, committed 5168K, reserved 1048576K
}
Event: 1.921 GC heap before
{Heap before GC invocations=8 (full 0):
 garbage-first heap   total 262144K, used 171935K [0x0000000780000000, 0x00000007c0000000)
  region size 1024K, 147 young (150528K), 7 survivors (7168K)
 Metaspace       used 54742K, capacity 56519K, committed 56768K, reserved 1097728K
  class space    used 7226K, capacity 8169K, committed 8240K, reserved 1048576K
}
Event: 1.925 GC heap after
{Heap after GC invocations=9 (full 0):
 garbage-first heap   total 262144K, used 34449K [0x0000000780000000, 0x00000007c0000000)
  region size 1024K, 13 young (13312K), 13 survivors (13312K)
 Metaspace       used 54742K, capacity 56519K, committed 56768K, reserved 1097728K
  class space    used 7226K, capacity 8169K, committed 8240K, reserved 1048576K
}
Event: 2.044 GC heap before
{Heap before GC invocations=9 (full 0):
 garbage-first heap   total 262144K, used 51857K [0x0000000780000000, 0x00000007c0000000)
  region size 1024K, 31 young (31744K), 13 survivors (13312K)
 Metaspace       used 58296K, capacity 60090K, committed 60272K, reserved 1101824K
  class space    used 7666K, capacity 8622K, committed 8752K, reserved 1048576K
}
Event: 2.048 GC heap after
{Heap after GC invocations=10 (full 0):
 garbage-first heap   total 262144K, used 35802K [0x0000000780000000, 0x00000007c0000000)
  region size 1024K, 11 young (11264K), 11 survivors (11264K)
 Metaspace       used 58296K, capacity 60090K, committed 60272K, reserved 1101824K
  class space    used 7666K, capacity 8622K, committed 8752K, reserved 1048576K
}
Event: 2.862 GC heap before
{Heap before GC invocations=11 (full 0):
 garbage-first heap   total 262144K, used 179162K [0x0000000780000000, 0x00000007c0000000)
  region size 1024K, 151 young (154624K), 11 survivors (11264K)
 Metaspace       used 84425K, capacity 87164K, committed 87408K, reserved 1124352K
  class space    used 11336K, capacity 12779K, committed 12848K, reserved 1048576K
}
Event: 2.867 GC heap after
{Heap after GC invocations=12 (full 0):
 garbage-first heap   total 262144K, used 41611K [0x0000000780000000, 0x00000007c0000000)
  region size 1024K, 16 young (16384K), 16 survivors (16384K)
 Metaspace       used 84425K, capacity 87164K, committed 87408K, reserved 1124352K
  class space    used 11336K, capacity 12779K, committed 12848K, reserved 1048576K
}
Event: 3.366 GC heap before
{Heap before GC invocations=12 (full 0):
 garbage-first heap   total 262144K, used 133771K [0x0000000780000000, 0x00000007c0000000)
  region size 1024K, 107 young (109568K), 16 survivors (16384K)
 Metaspace       used 97323K, capacity 100602K, committed 100848K, reserved 1134592K
  class space    used 13284K, capacity 14990K, committed 15024K, reserved 1048576K
}
Event: 3.374 GC heap after
{Heap after GC invocations=13 (full 0):
 garbage-first heap   total 262144K, used 45521K [0x0000000780000000, 0x00000007c0000000)
  region size 1024K, 12 young (12288K), 12 survivors (12288K)
 Metaspace       used 97323K, capacity 100602K, committed 100848K, reserved 1134592K
  class space    used 13284K, capacity 14990K, committed 15024K, reserved 1048576K
}
Event: 4.396 GC heap before
{Heap before GC invocations=14 (full 0):
 garbage-first heap   total 262144K, used 212433K [0x0000000780000000, 0x00000007c0000000)
  region size 1024K, 149 young (152576K), 12 survivors (12288K)
 Metaspace       used 117237K, capacity 122870K, committed 123088K, reserved 1153024K
  class space    used 16978K, capacity 19848K, committed 19888K, reserved 1048576K
}
Event: 4.401 GC heap after
{Heap after GC invocations=15 (full 0):
 garbage-first heap   total 262144K, used 54634K [0x0000000780000000, 0x00000007c0000000)
  region size 1024K, 16 young (16384K), 16 survivors (16384K)
 Metaspace       used 117237K, capacity 122870K, committed 123088K, reserved 1153024K
  class space    used 16978K, capacity 19848K, committed 19888K, reserved 1048576K
}

